$FWACK,fw0000,ver,0.22b*78
$STALK,54,E1,15,0C,nmea2o*35
$STALK,51,A2,0E,A7,86,nmea2o*61
$STALK,52,A1,00,00,nmea2o*40
$STALK,52,A1,00,00,nmea2o*40
$STALK,53,B0,2B,nmea2o*1F
$STALK,57,00,94,nmea2o*14
$FWSUP,fw0000,inp,00,00,00,out,00,00,30*60
$STALK,50,A2,28,06,15,nmea2o*65
$STALK,51,A2,0E,A7,86,nmea2o*61
$STALK,52,A1,00,00,nmea2o*40
$STALK,52,A1,00,00,nmea2o*40
$STALK,53,B0,2B,nmea2o*1F
$STALK,57,00,94,nmea2o*14
$FWSUP,fw0000,inp,00,00,00,out,00,00,30*60
$STALK,50,A2,28,06,15,nmea2o*65
$STALK,51,A2,0E,A7,86,nmea2o*61
$STALK,52,A1,00,00,nmea2o*40
$STALK,53,B0,2B,nmea2o*1F
$STALK,57,00,94,nmea2o*14
$FWSUP,fw0000,inp,00,00,00,out,00,00,30*60
$STALK,54,81,16,0C,nmea2o*4B
$STALK,56,21,0F,11,nmea2o*41
$STALK,99,A0,FD,nmea2o*68
$STALK,50,A2,28,06,15,nmea2o*65
$STALK,51,A2,0E,A7,86,nmea2o*61
$STALK,52,A1,00,00,nmea2o*40
$STALK,53,B0,2B,nmea2o*1F
$STALK,57,00,94,nmea2o*14
$FWSUP,fw0000,inp,00,00,00,out,00,00,30*60
$STALK,50,A2,28,06,15,nmea2o*65
$STALK,51,A2,0E,A7,86,nmea2o*61
$STALK,52,A1,00,00,nmea2o*40
$STALK,52,A1,00,00,nmea2o*40
$STALK,53,B0,2B,nmea2o*1F
$STALK,57,00,94,nmea2o*14
$FWSUP,fw0000,inp,00,00,00,out,00,00,30*60
$STALK,50,A2,28,06,15,nmea2o*65
$STALK,51,A2,0E,A7,86,nmea2o*61
$STALK,52,A1,00,00,nmea2o*40
$STALK,52,A1,00,00,nmea2o*40
$STALK,53,B0,2B,nmea2o*1F
$STALK,57,00,94,nmea2o*14
$FWSUP,fw0000,inp,00,00,00,out,00,00,F0*15
$STALK,50,A2,28,06,15,nmea2o*65
$STALK,51,A2,0E,A7,86,nmea2o*61
$STALK,52,A1,00,00,nmea2o*40
$STALK,53,B0,2B,nmea2o*1F
$STALK,52,A1,00,00,nmea2o*40
$STALK,53,B0,2B,nmea2o*1F
$STALK,57,00,94,nmea2o*14
$STALK,50,A2,28,06,15,nmea2o*65
$FWSUP,fw0000,inp,00,00,00,out,00,00,30*60
$STALK,51,A2,0E,A7,86,nmea2o*61
$STALK,52,A1,00,00,nmea2o*40
$STALK,53,B0,2B,nmea2o*1F
$STALK,57,00,94,nmea2o*14
$STALK,54,21,17,0C,nmea2o*40
$STALK,56,21,0F,11,nmea2o*41
$FWSUP,fw0000,inp,00,00,00,out,00,00,30*60
$STALK,99,A0,FD,nmea2o*68
$STALK,50,A2,28,06,15,nmea2o*65
$STALK,51,A2,0E,A7,86,nmea2o*61
$STALK,52,A1,00,00,nmea2o*40
$STALK,53,B0,2B,nmea2o*1F
$STALK,57,00,94,nmea2o*14
$STALK,50,A2,28,06,15,nmea2o*65
$STALK,51,A2,0E,A7,86,nmea2o*61
$FWSUP,fw0000,inp,00,00,00,out,00,00,30*60
$STALK,52,A1,00,00,nmea2o*40
$STALK,53,B0,2B,nmea2o*1F
$STALK,52,A1,00,00,nmea2o*40
$STALK,53,B0,2B,nmea2o*1F
$STALK,57,00,94,nmea2o*14
$STALK,50,A2,28,06,15,nmea2o*65
$STALK,51,A2,0E,A7,86,nmea2o*61
$FWSUP,fw0000,inp,00,00,00,out,00,00,30*60
$STALK,52,A1,00,00,nmea2o*40
$STALK,53,B0,2B,nmea2o*1F
$STALK,52,A1,00,00,nmea2o*40
$STALK,53,B0,2B,nmea2o*1F
$STALK,57,00,94,nmea2o*14
$STALK,50,A2,28,06,15,nmea2o*65
$STALK,51,A2,0E,A7,86,nmea2o*61
$FWSUP,fw0000,inp,00,00,00,out,00,00,30*60
$STALK,52,A1,00,00,nmea2o*40
$STALK,53,B0,2B,nmea2o*1F
$STALK,52,A1,00,00,nmea2o*40
$STALK,53,B0,2B,nmea2o*1F
$STALK,57,00,94,nmea2o*14
$STALK,50,A2,28,06,15,nmea2o*65
$STALK,51,A2,0E,A7,86,nmea2o*61
$FWSUP,fw0000,inp,00,00,00,out,00,00,30*60
$STALK,52,A1,00,00,nmea2o*40
$STALK,53,B0,2B,nmea2o*1F
$STALK,57,00,94,nmea2o*14
$STALK,54,11,18,0C,nmea2o*4C
$STALK,56,21,0F,11,nmea2o*41
$STALK,99,A0,FD,nmea2o*68
$FWSUP,fw0000,inp,00,00,00,out,00,00,30*60
$STALK,50,A2,28,06,15,nmea2o*65
$STALK,51,A2,0E,A7,86,nmea2o*61
$STALK,52,A1,00,00,nmea2o*40
$STALK,53,B0,2B,nmea2o*1F
$STALK,57,00,94,nmea2o*14
$STALK,50,A2,28,06,15,nmea2o*65
$STALK,51,A2,0E,A7,86,nmea2o*61
$FWSUP,fw0000,inp,00,00,00,out,00,00,30*60
$STALK,52,A1,00,00,nmea2o*40